# JRE version: OpenJDK Runtime Environment Temurin-17.0.6+10 (17.0.6+10) (build 17.0.6+10)
# Java VM: OpenJDK 64-Bit Server VM Temurin-17.0.6+10 (17.0.6+10, mixed mode, tiered, compressed oops, compressed class ptrs, g1 gc, linux-amd64)
GC Precious Log:
 CPUs: 4 total, 4 available
 Memory: 3379M
 Large Page Support: Disabled
 NUMA Support: Disabled
 Compressed Oops: Enabled (32-bit)
 Heap Region Size: 1M
 Heap Min Capacity: 256M
 Heap Initial Capacity: 256M
 Heap Max Capacity: 2G
 Pre-touch: Disabled
 Parallel Workers: 4
 Concurrent Workers: 1
 Concurrent Refinement Workers: 4
 Periodic GC: Disabled
 String Deduplication is enabled
Heap:
 garbage-first heap   total 481280K, used 380837K [0x0000000080000000, 0x0000000100000000)
  region size 1024K, 238 young (243712K), 2 survivors (2048K)
 Metaspace       used 160869K, committed 163904K, reserved 1196032K
  class space    used 19450K, committed 20736K, reserved 1048576K
GC Heap History (20 events):
Event: 2906.771 GC heap before
{Heap before GC invocations=86 (full 0):
 garbage-first heap   total 481280K, used 451119K [0x0000000080000000, 0x0000000100000000)
  region size 1024K, 170 young (174080K), 1 survivors (1024K)
 Metaspace       used 160609K, committed 163712K, reserved 1196032K
  class space    used 19447K, committed 20736K, reserved 1048576K
}
Event: 2906.799 GC heap after
{Heap after GC invocations=87 (full 0):
 garbage-first heap   total 481280K, used 144677K [0x0000000080000000, 0x0000000100000000)
  region size 1024K, 14 young (14336K), 14 survivors (14336K)
 Metaspace       used 160609K, committed 163712K, reserved 1196032K
  class space    used 19447K, committed 20736K, reserved 1048576K
}
Event: 2907.235 GC heap before
{Heap before GC invocations=87 (full 0):
 garbage-first heap   total 481280K, used 154917K [0x0000000080000000, 0x0000000100000000)
  region size 1024K, 23 young (23552K), 14 survivors (14336K)
 Metaspace       used 160609K, committed 163712K, reserved 1196032K
  class space    used 19447K, committed 20736K, reserved 1048576K
}
Event: 2907.285 GC heap after
{Heap after GC invocations=88 (full 0):
 garbage-first heap   total 481280K, used 130329K [0x0000000080000000, 0x0000000100000000)
  region size 1024K, 2 young (2048K), 2 survivors (2048K)
 Metaspace       used 160609K, committed 163712K, reserved 1196032K
  class space    used 19447K, committed 20736K, reserved 1048576K
}
Event: 2920.737 GC heap before
{Heap before GC invocations=88 (full 0):
 garbage-first heap   total 481280K, used 214297K [0x0000000080000000, 0x0000000100000000)
  region size 1024K, 29 young (29696K), 2 survivors (2048K)
 Metaspace       used 160609K, committed 163712K, reserved 1196032K
  class space    used 19447K, committed 20736K, reserved 1048576K
}
Event: 2920.744 GC heap after
{Heap after GC invocations=89 (full 0):
 garbage-first heap   total 481280K, used 131518K [0x0000000080000000, 0x0000000100000000)
  region size 1024K, 4 young (4096K), 4 survivors (4096K)
 Metaspace       used 160609K, committed 163712K, reserved 1196032K
  class space    used 19447K, committed 20736K, reserved 1048576K
}
Event: 2920.759 GC heap before
{Heap before GC invocations=89 (full 0):
 garbage-first heap   total 481280K, used 132542K [0x0000000080000000, 0x0000000100000000)
  region size 1024K, 5 young (5120K), 4 survivors (4096K)
 Metaspace       used 160609K, committed 163712K, reserved 1196032K
  class space    used 19447K, committed 20736K, reserved 1048576K
}
Event: 2920.764 GC heap after
{Heap after GC invocations=90 (full 0):
 garbage-first heap   total 481280K, used 128873K [0x0000000080000000, 0x0000000100000000)
  region size 1024K, 1 young (1024K), 1 survivors (1024K)
 Metaspace       used 160609K, committed 163712K, reserved 1196032K
  class space    used 19447K, committed 20736K, reserved 1048576K
}
Event: 3069.292 GC heap before
{Heap before GC invocations=91 (full 0):
 garbage-first heap   total 481280K, used 452457K [0x0000000080000000, 0x0000000100000000)
  region size 1024K, 179 young (183296K), 1 survivors (1024K)
 Metaspace       used 160642K, committed 163712K, reserved 1196032K
  class space    used 19447K, committed 20736K, reserved 1048576K
}
Event: 3069.312 GC heap after
{Heap after GC invocations=92 (full 0):
 garbage-first heap   total 481280K, used 141187K [0x0000000080000000, 0x0000000100000000)
  region size 1024K, 13 young (13312K), 13 survivors (13312K)
 Metaspace       used 160642K, committed 163712K, reserved 1196032K
  class space    used 19447K, committed 20736K, reserved 1048576K
}
Event: 3069.512 GC heap before
{Heap before GC invocations=92 (full 0):
 garbage-first heap   total 481280K, used 153475K [0x0000000080000000, 0x0000000100000000)
  region size 1024K, 23 young (23552K), 13 survivors (13312K)
 Metaspace       used 160642K, committed 163712K, reserved 1196032K
  class space    used 19447K, committed 20736K, reserved 1048576K
}
Event: 3069.607 GC heap after
{Heap after GC invocations=93 (full 0):
 garbage-first heap   total 481280K, used 127791K [0x0000000080000000, 0x0000000100000000)
  region size 1024K, 2 young (2048K), 2 survivors (2048K)
 Metaspace       used 160642K, committed 163712K, reserved 1196032K
  class space    used 19447K, committed 20736K, reserved 1048576K
}
Event: 3071.090 GC heap before
{Heap before GC invocations=93 (full 0):
 garbage-first heap   total 481280K, used 169775K [0x0000000080000000, 0x0000000100000000)
  region size 1024K, 30 young (30720K), 2 survivors (2048K)
 Metaspace       used 160643K, committed 163712K, reserved 1196032K
  class space    used 19447K, committed 20736K, reserved 1048576K
}
Event: 3071.098 GC heap after
{Heap after GC invocations=94 (full 0):
 garbage-first heap   total 481280K, used 128120K [0x0000000080000000, 0x0000000100000000)
  region size 1024K, 3 young (3072K), 3 survivors (3072K)
 Metaspace       used 160643K, committed 163712K, reserved 1196032K
  class space    used 19447K, committed 20736K, reserved 1048576K
}
Event: 3071.113 GC heap before
{Heap before GC invocations=94 (full 0):
 garbage-first heap   total 481280K, used 129144K [0x0000000080000000, 0x0000000100000000)
  region size 1024K, 4 young (4096K), 3 survivors (3072K)
 Metaspace       used 160643K, committed 163712K, reserved 1196032K
  class space    used 19447K, committed 20736K, reserved 1048576K
}
Event: 3071.119 GC heap after
{Heap after GC invocations=95 (full 0):
 garbage-first heap   total 481280K, used 126247K [0x0000000080000000, 0x0000000100000000)
  region size 1024K, 1 young (1024K), 1 survivors (1024K)
 Metaspace       used 160643K, committed 163712K, reserved 1196032K
  class space    used 19447K, committed 20736K, reserved 1048576K
}
Event: 3111.375 GC heap before
{Heap before GC invocations=96 (full 0):
 garbage-first heap   total 481280K, used 452903K [0x0000000080000000, 0x0000000100000000)
  region size 1024K, 228 young (233472K), 1 survivors (1024K)
 Metaspace       used 160697K, committed 163776K, reserved 1196032K
  class space    used 19449K, committed 20736K, reserved 1048576K
}
Event: 3111.441 GC heap after
{Heap after GC invocations=97 (full 0):
 garbage-first heap   total 481280K, used 147810K [0x0000000080000000, 0x0000000100000000)
  region size 1024K, 22 young (22528K), 22 survivors (22528K)
 Metaspace       used 160697K, committed 163776K, reserved 1196032K
  class space    used 19449K, committed 20736K, reserved 1048576K
}
Event: 3111.460 GC heap before
{Heap before GC invocations=97 (full 0):
 garbage-first heap   total 481280K, used 147810K [0x0000000080000000, 0x0000000100000000)
  region size 1024K, 23 young (23552K), 22 survivors (22528K)
 Metaspace       used 160697K, committed 163776K, reserved 1196032K
  class space    used 19449K, committed 20736K, reserved 1048576K
}
Event: 3111.499 GC heap after
{Heap after GC invocations=98 (full 0):
 garbage-first heap   total 481280K, used 125861K [0x0000000080000000, 0x0000000100000000)
  region size 1024K, 2 young (2048K), 2 survivors (2048K)
 Metaspace       used 160697K, committed 163776K, reserved 1196032K
  class space    used 19449K, committed 20736K, reserved 1048576K
}

