# JRE version: OpenJDK Runtime Environment Temurin-17.0.6+10 (17.0.6+10) (build 17.0.6+10)
# Java VM: OpenJDK 64-Bit Server VM Temurin-17.0.6+10 (17.0.6+10, mixed mode, tiered, compressed oops, compressed class ptrs, g1 gc, linux-amd64)
GC Precious Log:
 CPUs: 4 total, 4 available
 Memory: 3379M
 Large Page Support: Disabled
 NUMA Support: Disabled
 Compressed Oops: Enabled (32-bit)
 Heap Region Size: 1M
 Heap Min Capacity: 256M
 Heap Initial Capacity: 256M
 Heap Max Capacity: 2G
 Pre-touch: Disabled
 Parallel Workers: 4
 Concurrent Workers: 1
 Concurrent Refinement Workers: 4
 Periodic GC: Disabled
 String Deduplication is enabled
Heap:
 garbage-first heap   total 557056K, used 262656K [0x0000000080000000, 0x0000000100000000)
  region size 1024K, 84 young (86016K), 2 survivors (2048K)
 Metaspace       used 168261K, committed 171328K, reserved 1204224K
  class space    used 19979K, committed 21312K, reserved 1048576K
GC Heap History (20 events):
Event: 5564.970 GC heap before
{Heap before GC invocations=162 (full 0):
 garbage-first heap   total 557056K, used 198778K [0x0000000080000000, 0x0000000100000000)
  region size 1024K, 27 young (27648K), 22 survivors (22528K)
 Metaspace       used 167360K, committed 170496K, reserved 1204224K
  class space    used 19906K, committed 21248K, reserved 1048576K
}
Event: 5565.046 GC heap after
{Heap after GC invocations=163 (full 0):
 garbage-first heap   total 557056K, used 176363K [0x0000000080000000, 0x0000000100000000)
  region size 1024K, 4 young (4096K), 4 survivors (4096K)
 Metaspace       used 167360K, committed 170496K, reserved 1204224K
  class space    used 19906K, committed 21248K, reserved 1048576K
}
Event: 5586.091 GC heap before
{Heap before GC invocations=163 (full 0):
 garbage-first heap   total 557056K, used 271595K [0x0000000080000000, 0x0000000100000000)
  region size 1024K, 97 young (99328K), 4 survivors (4096K)
 Metaspace       used 167395K, committed 170496K, reserved 1204224K
  class space    used 19906K, committed 21248K, reserved 1048576K
}
Event: 5586.207 GC heap after
{Heap after GC invocations=164 (full 0):
 garbage-first heap   total 557056K, used 200337K [0x0000000080000000, 0x0000000100000000)
  region size 1024K, 13 young (13312K), 13 survivors (13312K)
 Metaspace       used 167395K, committed 170496K, reserved 1204224K
  class space    used 19906K, committed 21248K, reserved 1048576K
}
Event: 5603.994 GC heap before
{Heap before GC invocations=165 (full 0):
 garbage-first heap   total 557056K, used 261777K [0x0000000080000000, 0x0000000100000000)
  region size 1024K, 88 young (90112K), 13 survivors (13312K)
 Metaspace       used 167429K, committed 170496K, reserved 1204224K
  class space    used 19907K, committed 21248K, reserved 1048576K
}
Event: 5604.043 GC heap after
{Heap after GC invocations=166 (full 0):
 garbage-first heap   total 557056K, used 190976K [0x0000000080000000, 0x0000000100000000)
  region size 1024K, 11 young (11264K), 11 survivors (11264K)
 Metaspace       used 167429K, committed 170496K, reserved 1204224K
  class space    used 19907K, committed 21248K, reserved 1048576K
}
Event: 5605.898 GC heap before
{Heap before GC invocations=166 (full 0):
 garbage-first heap   total 557056K, used 207360K [0x0000000080000000, 0x0000000100000000)
  region size 1024K, 27 young (27648K), 11 survivors (11264K)
 Metaspace       used 167434K, committed 170496K, reserved 1204224K
  class space    used 19907K, committed 21248K, reserved 1048576K
}
Event: 5605.919 GC heap after
{Heap after GC invocations=167 (full 0):
 garbage-first heap   total 557056K, used 181230K [0x0000000080000000, 0x0000000100000000)
  region size 1024K, 4 young (4096K), 4 survivors (4096K)
 Metaspace       used 167434K, committed 170496K, reserved 1204224K
  class space    used 19907K, committed 21248K, reserved 1048576K
}
Event: 5668.648 GC heap before
{Heap before GC invocations=167 (full 0):
 garbage-first heap   total 557056K, used 334830K [0x0000000080000000, 0x0000000100000000)
  region size 1024K, 154 young (157696K), 4 survivors (4096K)
 Metaspace       used 167478K, committed 170560K, reserved 1204224K
  class space    used 19907K, committed 21248K, reserved 1048576K
}
Event: 5668.696 GC heap after
{Heap after GC invocations=168 (full 0):
 garbage-first heap   total 557056K, used 200106K [0x0000000080000000, 0x0000000100000000)
  region size 1024K, 20 young (20480K), 20 survivors (20480K)
 Metaspace       used 167478K, committed 170560K, reserved 1204224K
  class space    used 19907K, committed 21248K, reserved 1048576K
}
Event: 5721.379 GC heap before
{Heap before GC invocations=169 (full 0):
 garbage-first heap   total 557056K, used 364970K [0x0000000080000000, 0x0000000100000000)
  region size 1024K, 197 young (201728K), 20 survivors (20480K)
 Metaspace       used 167533K, committed 170624K, reserved 1204224K
  class space    used 19907K, committed 21248K, reserved 1048576K
}
Event: 5721.478 GC heap after
{Heap after GC invocations=170 (full 0):
 garbage-first heap   total 557056K, used 186211K [0x0000000080000000, 0x0000000100000000)
  region size 1024K, 20 young (20480K), 20 survivors (20480K)
 Metaspace       used 167533K, committed 170624K, reserved 1204224K
  class space    used 19907K, committed 21248K, reserved 1048576K
}
Event: 5722.345 GC heap before
{Heap before GC invocations=170 (full 0):
 garbage-first heap   total 557056K, used 192355K [0x0000000080000000, 0x0000000100000000)
  region size 1024K, 27 young (27648K), 20 survivors (20480K)
 Metaspace       used 167538K, committed 170624K, reserved 1204224K
  class space    used 19907K, committed 21248K, reserved 1048576K
}
Event: 5722.359 GC heap after
{Heap after GC invocations=171 (full 0):
 garbage-first heap   total 557056K, used 163810K [0x0000000080000000, 0x0000000100000000)
  region size 1024K, 3 young (3072K), 3 survivors (3072K)
 Metaspace       used 167538K, committed 170624K, reserved 1204224K
  class space    used 19907K, committed 21248K, reserved 1048576K
}
Event: 5809.246 GC heap before
{Heap before GC invocations=171 (full 0):
 garbage-first heap   total 557056K, used 383970K [0x0000000080000000, 0x0000000100000000)
  region size 1024K, 219 young (224256K), 3 survivors (3072K)
 Metaspace       used 167574K, committed 170624K, reserved 1204224K
  class space    used 19907K, committed 21248K, reserved 1048576K
}
Event: 5809.330 GC heap after
{Heap after GC invocations=172 (full 0):
 garbage-first heap   total 557056K, used 190033K [0x0000000080000000, 0x0000000100000000)
  region size 1024K, 28 young (28672K), 28 survivors (28672K)
 Metaspace       used 167574K, committed 170624K, reserved 1204224K
  class space    used 19907K, committed 21248K, reserved 1048576K
}
Event: 5995.261 GC heap before
{Heap before GC invocations=173 (full 0):
 garbage-first heap   total 557056K, used 396881K [0x0000000080000000, 0x0000000100000000)
  region size 1024K, 231 young (236544K), 28 survivors (28672K)
 Metaspace       used 167692K, committed 170752K, reserved 1204224K
  class space    used 19909K, committed 21248K, reserved 1048576K
}
Event: 5995.561 GC heap after
{Heap after GC invocations=174 (full 0):
 garbage-first heap   total 557056K, used 209919K [0x0000000080000000, 0x0000000100000000)
  region size 1024K, 29 young (29696K), 29 survivors (29696K)
 Metaspace       used 167692K, committed 170752K, reserved 1204224K
  class space    used 19909K, committed 21248K, reserved 1048576K
}
Event: 5996.765 GC heap before
{Heap before GC invocations=174 (full 0):
 garbage-first heap   total 557056K, used 210943K [0x0000000080000000, 0x0000000100000000)
  region size 1024K, 30 young (30720K), 29 survivors (29696K)
 Metaspace       used 167692K, committed 170752K, reserved 1204224K
  class space    used 19909K, committed 21248K, reserved 1048576K
}
Event: 5996.780 GC heap after
{Heap after GC invocations=175 (full 0):
 garbage-first heap   total 557056K, used 179712K [0x0000000080000000, 0x0000000100000000)
  region size 1024K, 2 young (2048K), 2 survivors (2048K)
 Metaspace       used 167692K, committed 170752K, reserved 1204224K
  class space    used 19909K, committed 21248K, reserved 1048576K
}

